2022-07-17T07:02:55.001Z, [UwU Logging] [31merror[39m: Hello error (+0ms)
2022-07-17T07:02:55.005Z, [UwU Logging] [33mwarn[39m: Hello warn (+3ms)
2022-07-17T07:02:55.005Z, [UwU Logging] [32minfo[39m: Hello info (+0ms)
2022-07-17T07:02:55.006Z, [UwU Logging] [32mhttp[39m: Hello HTTP (+1ms)
2022-07-17T07:02:55.007Z, [UwU Logging] [36mverbose[39m: Hello verbose (+1ms)
2022-07-17T07:02:55.007Z, [UwU Logging] [34mdebug[39m: Hello debug (+0ms)
2022-07-17T07:02:55.008Z, [UwU Logging] [35msilly[39m: Hello silly (+1ms)
2022-07-17T07:02:59.248Z, [UwU Logging] [31merror[39m: Hello error (+0ms)
2022-07-17T07:02:59.252Z, [UwU Logging] [33mwarn[39m: Hello warn (+3ms)
2022-07-17T07:02:59.253Z, [UwU Logging] [32minfo[39m: Hello info (+1ms)
2022-07-17T07:02:59.254Z, [UwU Logging] [32mhttp[39m: Hello HTTP (+1ms)
2022-07-17T07:02:59.254Z, [UwU Logging] [36mverbose[39m: Hello verbose (+0ms)
2022-07-17T07:02:59.255Z, [UwU Logging] [34mdebug[39m: Hello debug (+1ms)
2022-07-17T07:02:59.255Z, [UwU Logging] [35msilly[39m: Hello silly (+0ms)
2022-07-17T07:06:42.038Z, [UwU Logging] [31merror[39m: Hello error (+0ms)
2022-07-17T07:06:42.041Z, [UwU Logging] [33mwarn[39m: Hello warn (+3ms)
2022-07-17T07:06:42.042Z, [UwU Logging] [32minfo[39m: Hello info (+1ms)
2022-07-17T07:06:42.043Z, [UwU Logging] [32mhttp[39m: Hello HTTP (+1ms)
2022-07-17T07:06:42.043Z, [UwU Logging] [36mverbose[39m: Hello verbose (+0ms)
2022-07-17T07:06:42.044Z, [UwU Logging] [34mdebug[39m: Hello debug (+1ms)
2022-07-17T07:06:42.044Z, [UwU Logging] [35msilly[39m: Hello silly (+0ms)
2022-07-17T07:15:41.677Z, [UwU Logging] [31merror[39m: Hello error1 (+0ms)
2022-07-17T07:15:41.682Z, [UwU Logging] [31merror[39m: Hello error2 (+4ms)
2022-07-17T07:15:41.683Z, [UwU Logging] [33mwarn[39m: Hello warn1 (+1ms)
2022-07-17T07:15:41.684Z, [UwU Logging] [33mwarn[39m: Hello warn2 (+1ms)
2022-07-17T07:15:41.684Z, [UwU Logging] [33mwarn[39m: Hello warn3 (+0ms)
2022-07-17T07:15:41.685Z, [UwU Logging] [33mwarn[39m: Hello warn4 (+1ms)
2022-07-17T07:15:41.686Z, [UwU Logging] [33mwarn[39m: Hello warn5 (+1ms)
2022-07-17T07:15:41.686Z, [UwU Logging] [32minfo[39m: Hello info (+0ms)
2022-07-17T07:15:41.686Z, [UwU Logging] [32mhttp[39m: Hello HTTP (+1ms)
2022-07-17T07:15:41.687Z, [UwU Logging] [36mverbose[39m: Hello verbose (+0ms)
2022-07-17T07:15:41.688Z, [UwU Logging] [34mdebug[39m: Hello debug (+1ms)
2022-07-17T07:15:41.688Z, [UwU Logging] [35msilly[39m: Hello silly (+0ms)
